

Microchip Technology PIC LITE Macro Assembler V1.42 build -159332390 
                                                                                               Sat Jul 29 15:11:31 2017

Microchip Technology Omniscient Code Generator v1.42 (Free mode) build 201704130522
     1                           	processor	10F222
     2                           	opt	pw 120
     3                           	opt	lm
     4                           	psect	cinit,global,class=ENTRY,merge=1,delta=2
     5                           	psect	cstackCOMMON,global,class=COMMON,space=1,delta=1
     6                           	psect	cstackBANK0,global,class=BANK0,space=1,delta=1
     7                           	psect	maintext,global,class=CODE,split=1,delta=2
     8                           	psect	text1,local,class=CODE,merge=1,delta=2
     9                           	psect	jmp_tab,global,class=ENTRY,delta=2
    10                           	dabs	1,0x1C,4
    11  0000                     
    12                           ; Version 1.42
    13                           ; Generated 13/04/2017 GMT
    14                           ; 
    15                           ; Copyright © 2017, Microchip Technology Inc. and its subsidiaries ("Microchip")
    16                           ; All rights reserved.
    17                           ; 
    18                           ; This software is developed by Microchip Technology Inc. and its subsidiaries ("Microch
      +                          ip").
    19                           ; 
    20                           ; Redistribution and use in source and binary forms, with or without modification, are
    21                           ; permitted provided that the following conditions are met:
    22                           ; 
    23                           ;     1. Redistributions of source code must retain the above copyright notice, this lis
      +                          t of
    24                           ;        conditions and the following disclaimer.
    25                           ; 
    26                           ;     2. Redistributions in binary form must reproduce the above copyright notice, this 
      +                          list
    27                           ;        of conditions and the following disclaimer in the documentation and/or other
    28                           ;        materials provided with the distribution.
    29                           ; 
    30                           ;     3. Microchip's name may not be used to endorse or promote products derived from th
      +                          is
    31                           ;        software without specific prior written permission.
    32                           ; 
    33                           ; THIS SOFTWARE IS PROVIDED BY MICROCHIP "AS IS" AND ANY EXPRESS OR IMPLIED WARRANTIES,
    34                           ; INCLUDING, BUT NOT LIMITED TO, THE IMPLIED WARRANTIES OF MERCHANTABILITY AND FITNESS F
      +                          OR
    35                           ; PURPOSE ARE DISCLAIMED.  IN NO EVENT SHALL MICROCHIP BE LIABLE FOR ANY DIRECT, INDIREC
      +                          T,
    36                           ; INCIDENTAL, SPECIAL, EXEMPLARY, OR CONSEQUENTIAL DAMAGES (INCLUDING BUT NOT LIMITED TO
    37                           ; PROCUREMENT OF SUBSTITUTE GOODS OR SERVICES; LOSS OF USE, DATA OR PROFITS; OR BUSINESS
    38                           ; INTERRUPTION) HOWSOEVER CAUSED AND ON ANY THEORY OF LIABILITY, WHETHER IN CONTRACT, ST
      +                          RICT
    39                           ; LIABILITY, OR TORT (INCLUDING NEGLIGENCE OR OTHERWISE) ARISING IN ANY WAY OUT OF THE U
      +                          SE OF
    40                           ; THIS SOFTWARE, EVEN IF ADVISED OF THE POSSIBILITY OF SUCH DAMAGE.
    41                           ; 
    42                           ; 
    43                           ; Code-generator required, PIC10F222 Definitions
    44                           ; 
    45                           ; SFR Addresses
    46  0000                     	;# 
    47  0001                     	;# 
    48  0002                     	;# 
    49  0003                     	;# 
    50  0004                     	;# 
    51  0005                     	;# 
    52  0006                     	;# 
    53  0007                     	;# 
    54  0008                     	;# 
    55  0006                     _TRISGPIO	set	6
    56  0000                     _OPTION	set	0
    57  0033                     _GP3	set	51
    58  0030                     _GP0	set	48
    59  0031                     _GP1	set	49
    60  0032                     _GP2	set	50
    61  003F                     _ANS1	set	63
    62  003E                     _ANS0	set	62
    63                           
    64                           ; #config settings
    65  0000                     
    66                           	psect	cinit
    67  001                     start_initialization:	
    68  001                     __initialization:	
    69  001                     end_of_initialization:	
    70                           ;End of C runtime variable initialization code
    71                           
    72  001                     __end_of__initialization:	
    73  001  064                	clrf	4
    74  002  BE3                	ljmp	_main	;jump to C main() function
    75                           
    76                           	psect	cstackCOMMON
    77  000                     __pcstackCOMMON:	
    78  000                     ??_Delay_us:	
    79  000                     ??_main:	
    80                           ; 1 bytes @ 0x0
    81                           
    82                           
    83                           	psect	cstackBANK0
    84  009                     __pcstackBANK0:	
    85                           ; 1 bytes @ 0x0
    86                           
    87  009                     ?_Delay_us:	
    88  009                     ?_main:	
    89                           ; 1 bytes @ 0x0
    90                           
    91  009                     Delay_us@DELAY_CNT:	
    92                           ; 1 bytes @ 0x0
    93                           
    94                           
    95                           ; 2 bytes @ 0x0
    96  009                     	ds	2
    97  00B                     Delay_us@i:	
    98                           
    99                           ; 2 bytes @ 0x2
   100  00B                     	ds	2
   101                           
   102                           	psect	maintext
   103  1E3                     __pmaintext:	
   104 ;;
   105 ;;Main: autosize = 0, tempsize = 0, incstack = 0, save=0
   106 ;;
   107 ;; *************** function _main *****************
   108 ;; Defined at:
   109 ;;		line 21 in file "main.c"
   110 ;; Parameters:    Size  Location     Type
   111 ;;		None
   112 ;; Auto vars:     Size  Location     Type
   113 ;;  i               4    0        long 
   114 ;; Return value:  Size  Location     Type
   115 ;;                  1   28[None  ] void 
   116 ;; Registers used:
   117 ;;		wreg, fsr0l, fsr0h, status,2, status,0, btemp+0, btemp+1, pclath, cstack
   118 ;; Tracked objects:
   119 ;;		On entry : B00/0
   120 ;;		On exit  : 0/0
   121 ;;		Unchanged: 0/0
   122 ;; Data sizes:     COMMON   BANK0
   123 ;;      Params:         0       0
   124 ;;      Locals:         0       0
   125 ;;      Temps:          0       0
   126 ;;      Totals:         0       0
   127 ;;Total ram usage:        0 bytes
   128 ;; Hardware stack levels required when called:    1
   129 ;; This function calls:
   130 ;;		_Delay_us
   131 ;; This function is called by:
   132 ;;		Startup code after reset
   133 ;; This function uses a non-reentrant model
   134 ;;
   135                           
   136                           
   137                           ;psect for function _main
   138  1E3                     _main:	
   139                           
   140                           ;main.c: 23: long int i;
   141                           ;main.c: 25: OPTION = 0b11000000;
   142                           
   143                           ;incstack = 0
   144                           ; Regs used in _main: [wreg-fsr0h+status,2-btemp+1+pclath+cstack]
   145  1E3  CC0                	movlw	192
   146  1E4  002                	option
   147                           
   148                           ;main.c: 26: TRISGPIO = 0b1000;
   149  1E5  C08                	movlw	8
   150  1E6  006                	tris	6
   151                           
   152                           ;main.c: 27: ANS0 = 0;
   153  1E7  4C7                	bcf	7,6	;volatile
   154                           
   155                           ;main.c: 28: ANS1 = 0;
   156  1E8  4E7                	bcf	7,7	;volatile
   157                           
   158                           ;main.c: 30: GP2=1; GP1=1; GP0=1;
   159  1E9  546                	bsf	6,2	;volatile
   160  1EA  526                	bsf	6,1	;volatile
   161  1EB  506                	bsf	6,0	;volatile
   162  1EC                     l461:	
   163                           ;main.c: 32: while(1) {
   164                           
   165                           
   166                           ;main.c: 34: if(GP3 == 0) {
   167  1EC  666                	btfsc	6,3	;volatile
   168  1ED  BEC                	goto	l461
   169                           
   170                           ;main.c: 35: GP2=1; GP1=1; GP0=1;
   171  1EE  546                	bsf	6,2	;volatile
   172  1EF  526                	bsf	6,1	;volatile
   173  1F0  506                	bsf	6,0	;volatile
   174                           
   175                           ;main.c: 36: Delay_us(500);
   176  1F1  CF4                	movlw	244
   177  1F2  029                	movwf	Delay_us@DELAY_CNT
   178  1F3  C01                	movlw	1
   179  1F4  02A                	movwf	Delay_us@DELAY_CNT+1
   180  1F5  903                	fcall	entry__Delay_us
   181                           
   182                           ;main.c: 37: GP2=1; GP1=0; GP0=1;
   183  1F6  546                	bsf	6,2	;volatile
   184  1F7  426                	bcf	6,1	;volatile
   185  1F8  506                	bsf	6,0	;volatile
   186                           
   187                           ;main.c: 38: Delay_us(500);
   188  1F9  CF4                	movlw	244
   189  1FA  029                	movwf	Delay_us@DELAY_CNT
   190  1FB  C01                	movlw	1
   191  1FC  02A                	movwf	Delay_us@DELAY_CNT+1
   192  1FD  903                	fcall	entry__Delay_us
   193                           
   194                           ;main.c: 39: };
   195  1FE  BEC                	goto	l461
   196  1FF                     __end_of_main:	
   197                           
   198                           	psect	text1
   199  1CA                     __ptext1:	
   200 ;; *************** function _Delay_us *****************
   201 ;; Defined at:
   202 ;;		line 15 in file "main.c"
   203 ;; Parameters:    Size  Location     Type
   204 ;;  DELAY_CNT       2    0[BANK0 ] unsigned int 
   205 ;; Auto vars:     Size  Location     Type
   206 ;;  i               2    2[BANK0 ] unsigned int 
   207 ;; Return value:  Size  Location     Type
   208 ;;                  1    0[BANK0 ] void 
   209 ;; Registers used:
   210 ;;		wreg, fsr0l, fsr0h, status,2, btemp+0, btemp+1
   211 ;; Tracked objects:
   212 ;;		On entry : 0/0
   213 ;;		On exit  : 0/0
   214 ;;		Unchanged: 0/0
   215 ;; Data sizes:     COMMON   BANK0
   216 ;;      Params:         0       2
   217 ;;      Locals:         0       2
   218 ;;      Temps:          0       0
   219 ;;      Totals:         0       4
   220 ;;Total ram usage:        4 bytes
   221 ;; Hardware stack levels used:    1
   222 ;; This function calls:
   223 ;;		Nothing
   224 ;; This function is called by:
   225 ;;		_main
   226 ;; This function uses a non-reentrant model
   227 ;;
   228                           
   229                           
   230                           ;psect for function _Delay_us
   231  1CA                     _Delay_us:	
   232                           
   233                           ;main.c: 16: for (unsigned int i = 0; i < DELAY_CNT; i++) {
   234  1CA  06B                	clrf	Delay_us@i
   235  1CB  06C                	clrf	Delay_us@i+1
   236  1CC                     l447:	
   237  1CC  20A                	movf	Delay_us@DELAY_CNT+1,w
   238  1CD  03D                	movwf	29
   239  1CE  209                	movf	Delay_us@DELAY_CNT,w
   240  1CF  03C                	movwf	28
   241  1D0  21D                	movf	29,w
   242  1D1  08C                	subwf	Delay_us@i+1,w
   243  1D2  743                	skipz
   244  1D3  BD6                	goto	u35
   245  1D4  21C                	movf	28,w
   246  1D5  08B                	subwf	Delay_us@i,w
   247  1D6                     u35:	
   248  1D6  603                	btfsc	3,0
   249  1D7  800                	retlw	0
   250                           
   251                           ;main.c: 17: _delay((unsigned long)((1)*(8000000/4000000.0)));
   252  1D8  BD9                	nop2	;2 cycle nop
   253  1D9  C01                	movlw	1
   254  1DA  03C                	movwf	28
   255  1DB  07D                	clrf	29
   256  1DC  21C                	movf	28,w
   257  1DD  1EB                	addwf	Delay_us@i,f
   258  1DE  603                	skipnc
   259  1DF  2AC                	incf	Delay_us@i+1,f
   260  1E0  21D                	movf	29,w
   261  1E1  1EC                	addwf	Delay_us@i+1,f
   262  1E2  BCC                	goto	l447
   263  1E3                     __end_of_Delay_us:	
   264  001C                     btemp	set	28	;btemp
   265  001C                     wtemp0	set	28
   266  001E                     wtemp1	set	30
   267  001C                     ttemp0	set	28
   268  001C                     ltemp0	set	28
   269                           
   270                           	psect	jmp_tab
   271  003                     __pjmp_tab:	
   272                           ;incstack = 0
   273                           ; Regs used in _Delay_us: [wreg-fsr0h+status,2+btemp+0+btemp+1]
   274                           
   275  003                     entry__Delay_us:	
   276  003  BCA                	ljmp	_Delay_us


Data Sizes:
    Strings     0
    Constant    0
    Data        0
    BSS         0
    Persistent  0
    Stack       0

Auto Spaces:
    Space          Size  Autos    Used
    COMMON            0      0       0
    BANK0            21      4       4

Pointer List with Targets:

    None.

Critical Paths under _main in COMMON

    None.

Critical Paths under _main in BANK0

    _main->_Delay_us

Call Graph Tables:

 ---------------------------------------------------------------------------------
 (Depth) Function   	        Calls       Base Space   Used Autos Params    Refs
 ---------------------------------------------------------------------------------
 (0) _main                                                 4     4      0     132
                           _Delay_us
 ---------------------------------------------------------------------------------
 (1) _Delay_us                                             4     2      2     132
                                              0 BANK0      4     2      2
 ---------------------------------------------------------------------------------
 Estimated maximum stack depth 1
 ---------------------------------------------------------------------------------

 Call Graph Graphs:

 _main (ROOT)
   _Delay_us

 Address spaces:
Name               Size   Autos  Total    Cost      Usage
BITCOMMON            0      0       0       0        0.0%
NULL                 0      0       0       0        0.0%
CODE                 0      0       0       0        0.0%
BITSFR0              0      0       0       1        0.0%
SFR0                 0      0       0       1        0.0%
COMMON               0      0       0       1        0.0%
STACK                0      0       0       2        0.0%
BANK0               15      4       4       3       19.0%
ABS                  0      0       0       4        0.0%
BITBANK0            15      0       0       5        0.0%
DATA                 0      0       0       6        0.0%


Microchip Technology PIC Macro Assembler V1.42 build -159332390 
Symbol Table                                                                                   Sat Jul 29 15:11:31 2017

            __CFG_CP$OFF 0000                       u35 01D6                       fsr 0004  
                    l461 01EC                      l447 01CC                      _GP0 0030  
                    _GP1 0031                      _GP2 0032                      _GP3 0033  
                   _ANS0 003E                     _ANS1 003F                     _main 01E3  
                   btemp 001C                     start 0000            __CFG_MCPU$OFF 0000  
                  ?_main 0009            __CFG_WDTE$OFF 0000                    ltemp0 001C  
                  ttemp0 001C                    wtemp0 001C                    wtemp1 001E  
       __end_of_Delay_us 01E3           __CFG_MCLRE$OFF 0000          __initialization 0001  
           __end_of_main 01FF                   ??_main 0000                   _OPTION 0000  
__end_of__initialization 0001           __pcstackCOMMON 0000                ?_Delay_us 0009  
             __pmaintext 01E3               ??_Delay_us 0000        Delay_us@DELAY_CNT 0009  
                __ptext1 01CA     end_of_initialization 0001                Delay_us@i 000B  
    start_initialization 0001         __CFG_IOSCFS$8MHZ 0000        __size_of_Delay_us 0019  
         entry__Delay_us 0003                ___latbits 0000            __pcstackBANK0 0009  
              __pjmp_tab 0003                 _TRISGPIO 0006                 _Delay_us 01CA  
          __size_of_main 001C  
